  Main.cpp
C:\Users\asile\source\repos\4d\4d\Shader.h(41,40): warning C4101: 'e': unreferenced local variable
C:\Users\asile\source\repos\4d\4d\Main.cpp(131,32): warning C4305: '-=': truncation from 'double' to 'T'
          with
          [
              T=float
          ]
C:\Users\asile\source\repos\4d\4d\Main.cpp(134,32): warning C4305: '+=': truncation from 'double' to 'T'
          with
          [
              T=float
          ]
C:\Users\asile\source\repos\4d\4d\Main.cpp(137,32): warning C4305: '-=': truncation from 'double' to 'T'
          with
          [
              T=float
          ]
C:\Users\asile\source\repos\4d\4d\Main.cpp(140,32): warning C4305: '+=': truncation from 'double' to 'T'
          with
          [
              T=float
          ]
C:\Users\asile\source\repos\4d\4d\Main.cpp(142,31): warning C4305: '+=': truncation from 'double' to 'T'
          with
          [
              T=float
          ]
  4d.vcxproj -> C:\Users\asile\source\repos\4d\x64\Debug\4d.exe
